<?xml version="1.0" encoding="UTF-8"?>
<testsuites name="jest tests" tests="2" failures="0" errors="0" time="32.935">
  <testsuite name="undefined" errors="0" failures="0" skipped="0" timestamp="2022-02-20T09:22:03" time="9.098" tests="1">
    <testcase classname=" renders offline status" name=" renders offline status" time="0.266">
    </testcase>
  </testsuite>
  <testsuite name="undefined" errors="0" failures="0" skipped="0" timestamp="2022-02-20T09:22:03" time="10.291" tests="1">
    <testcase classname=" renders a title" name=" renders a title" time="0.603">
    </testcase>
  </testsuite>
</testsuites>