<?xml version="1.0" encoding="UTF-8"?>
<testExecutions version="1">
  <file path="C:\Users\IT\Documents\Semester 6\PPL\project\sriwijaya-application\__tests__\catalog.test.tsx">
    <testCase name="useGetCatalog() page display catalog data" duration="390"/>
  </file>
  <file path="C:\Users\IT\Documents\Semester 6\PPL\project\sriwijaya-application\__tests__\itemDetail.test.tsx">
    <testCase name="useGetItemDetail() page display catalog data" duration="460"/>
  </file>
  <file path="C:\Users\IT\Documents\Semester 6\PPL\project\sriwijaya-application\__tests__\authSuccess.test.tsx">
    <testCase name="renders correct status and redirects after some time" duration="5284"/>
  </file>
  <file path="C:\Users\IT\Documents\Semester 6\PPL\project\sriwijaya-application\__tests__\ListPlacesUI.test.tsx">
    <testCase name="Test UI For List Places  page display data requested" duration="806"/>
    <testCase name="Test UI For List Places  handleScrollRefetch works correctly" duration="7"/>
  </file>
  <file path="C:\Users\IT\Documents\Semester 6\PPL\project\sriwijaya-application\__tests__\placeDetail.test.tsx">
    <testCase name="useGetPlaceDetail() page display place detail data" duration="710"/>
    <testCase name="useGetPlaceDetail() post button request failed" duration="111"/>
  </file>
  <file path="C:\Users\IT\Documents\Semester 6\PPL\project\sriwijaya-application\__tests__\example.test.tsx">
    <testCase name="useGetExample() page display data requested" duration="347"/>
    <testCase name="useGetExample() page failed to display data requested" duration="70"/>
    <testCase name="usePostExample() post button request successful" duration="134"/>
    <testCase name="usePostExample() post button request failed" duration="95"/>
    <testCase name="user interface component button link exist" duration="55"/>
  </file>
  <file path="C:\Users\IT\Documents\Semester 6\PPL\project\sriwijaya-application\__tests__\index.test.tsx">
    <testCase name="renders a title" duration="279"/>
  </file>
  <file path="C:\Users\IT\Documents\Semester 6\PPL\project\sriwijaya-application\__tests__\api\exampleService.test.tsx">
    <testCase name="getExample() getExample return correct list" duration="11"/>
    <testCase name="postExample() postExample return correct list" duration="3"/>
  </file>
  <file path="C:\Users\IT\Documents\Semester 6\PPL\project\sriwijaya-application\__tests__\components\Layout.test.tsx">
    <testCase name="Rendering Layout renders children properly" duration="313"/>
    <testCase name="Rendering Offline should render popup when offline" duration="64"/>
    <testCase name="Rendering Navigation renders home to be active when pathname is home" duration="237"/>
    <testCase name="Rendering Navigation renders none to be active when pathname is not in any of the navbar" duration="128"/>
  </file>
  <file path="C:\Users\IT\Documents\Semester 6\PPL\project\sriwijaya-application\__tests__\components\Drawer.test.tsx">
    <testCase name="Rendering Drawer shouldn&apos;t render portal root if Drawer is not opened" duration="84"/>
    <testCase name="Rendering Drawer should render portal root if Drawer is opened" duration="239"/>
    <testCase name="Rendering Drawer shouldn&apos;t render portal root if Overlay is clicked after portal opened" duration="179"/>
  </file>
  <file path="C:\Users\IT\Documents\Semester 6\PPL\project\sriwijaya-application\__tests__\components\utils\StarSVG.tsx">
    <testCase name="Test For Golden Star  renders StarFullGolden" duration="122"/>
    <testCase name="Test For Golden Star  renders StarHalfGolden" duration="34"/>
    <testCase name="Test For Golden Star  renders StarEmptyGolden" duration="20"/>
    <testCase name="Test For Golden Star  renders StarFullBlack" duration="32"/>
    <testCase name="Test For Golden Star  renders StarHalfBlack" duration="51"/>
    <testCase name="Test For Golden Star  renders StarEmptyBlack" duration="45"/>
  </file>
  <file path="C:\Users\IT\Documents\Semester 6\PPL\project\sriwijaya-application\__tests__\components\catalog\cardCatalog.test.tsx">
    <testCase name="Test UI For Card Catalog  page display data requested" duration="506"/>
  </file>
  <file path="C:\Users\IT\Documents\Semester 6\PPL\project\sriwijaya-application\__tests__\components\utils\StarRating.tsx">
    <testCase name="Test For Star Component  renders StarFull" duration="133"/>
    <testCase name="Test For Star Component  renders StarHalf" duration="30"/>
  </file>
  <file path="C:\Users\IT\Documents\Semester 6\PPL\project\sriwijaya-application\__tests__\api\listPlacesService.test.tsx">
    <testCase name="getListPlaces() getListPlaces return correct list" duration="10"/>
  </file>
  <file path="C:\Users\IT\Documents\Semester 6\PPL\project\sriwijaya-application\__tests__\api\authService.test.tsx">
    <testCase name="checkPhoneNumber checkPhoneNumber return success" duration="18"/>
    <testCase name="verifyOTP verifyOTP return success" duration="4"/>
    <testCase name="registerUser registerUser return success" duration="4"/>
  </file>
  <file path="C:\Users\IT\Documents\Semester 6\PPL\project\sriwijaya-application\__tests__\api\ItemDetailService.test.tsx">
    <testCase name="getItemDetail() getItemDetail return correct data" duration="17"/>
  </file>
  <file path="C:\Users\IT\Documents\Semester 6\PPL\project\sriwijaya-application\__tests__\_offline.test.tsx">
    <testCase name="renders offline status" duration="88"/>
  </file>
  <file path="C:\Users\IT\Documents\Semester 6\PPL\project\sriwijaya-application\__tests__\api\PlaceDetailService.test.tsx">
    <testCase name="getPlaceDetail() getPlaceDetail return correct data" duration="13"/>
  </file>
  <file path="C:\Users\IT\Documents\Semester 6\PPL\project\sriwijaya-application\__tests__\api\CatalogService.test.tsx">
    <testCase name="getCatalog() getCatalog return correct data" duration="45"/>
  </file>
  <file path="C:\Users\IT\Documents\Semester 6\PPL\project\sriwijaya-application\__tests__\components\AuthForm\AuthFormUI.test.tsx">
  </file>
  <file path="C:\Users\IT\Documents\Semester 6\PPL\project\sriwijaya-application\__tests__\components\AuthForm\AuthFormRequest.test.tsx">
  </file>
  <file path="C:\Users\IT\Documents\Semester 6\PPL\project\sriwijaya-application\__tests__\landingPage.test.tsx">
  </file>
</testExecutions>