<?xml version="1.0" encoding="UTF-8"?>
<testExecutions version="1">
  <file path="C:\Users\IT\Documents\Semester 6\PPL\project\sriwijaya-application\__tests__\components\catalog\cardCatalog.test.tsx">
    <testCase name="Test UI For Card Catalog  page display data requested" duration="345"/>
  </file>
  <file path="C:\Users\IT\Documents\Semester 6\PPL\project\sriwijaya-application\__tests__\ListPlacesUI.test.tsx">
    <testCase name="Test UI For List Places  page display data requested" duration="558"/>
  </file>
  <file path="C:\Users\IT\Documents\Semester 6\PPL\project\sriwijaya-application\__tests__\itemDetail.test.tsx">
    <testCase name="useGetItemDetail() page display catalog data" duration="352"/>
  </file>
  <file path="C:\Users\IT\Documents\Semester 6\PPL\project\sriwijaya-application\__tests__\catalog.test.tsx">
    <testCase name="useGetCatalog() page display catalog data" duration="443"/>
  </file>
  <file path="C:\Users\IT\Documents\Semester 6\PPL\project\sriwijaya-application\__tests__\example.test.tsx">
    <testCase name="useGetExample() page display data requested" duration="230"/>
    <testCase name="useGetExample() page failed to display data requested" duration="42"/>
    <testCase name="usePostExample() post button request successful" duration="73"/>
    <testCase name="usePostExample() post button request failed" duration="63"/>
    <testCase name="user interface component button link exist" duration="72"/>
  </file>
  <file path="C:\Users\IT\Documents\Semester 6\PPL\project\sriwijaya-application\__tests__\components\Layout.test.tsx">
    <testCase name="Rendering Layout renders children properly" duration="187"/>
    <testCase name="Rendering Offline should render popup when offline" duration="66"/>
    <testCase name="Rendering Navigation renders home to be active when pathname is home" duration="576"/>
    <testCase name="Rendering Navigation renders none to be active when pathname is not in any of the navbar" duration="363"/>
  </file>
  <file path="C:\Users\IT\Documents\Semester 6\PPL\project\sriwijaya-application\__tests__\placeDetail.test.tsx">
    <testCase name="useGetPlaceDetail() page display place detail data" duration="923"/>
    <testCase name="useGetPlaceDetail() post button request failed" duration="90"/>
  </file>
  <file path="C:\Users\IT\Documents\Semester 6\PPL\project\sriwijaya-application\__tests__\index.test.tsx">
    <testCase name="renders a title" duration="256"/>
  </file>
  <file path="C:\Users\IT\Documents\Semester 6\PPL\project\sriwijaya-application\__tests__\components\utils\BlackStar14.tsx">
    <testCase name="Test For BlackStar  renders StarFull" duration="47"/>
    <testCase name="Test For BlackStar  renders StarHalf" duration="11"/>
    <testCase name="Test For BlackStar  renders StarEmpty" duration="15"/>
  </file>
  <file path="C:\Users\IT\Documents\Semester 6\PPL\project\sriwijaya-application\__tests__\components\Drawer.test.tsx">
    <testCase name="Rendering Drawer shouldn&apos;t render portal root if Drawer is not opened" duration="57"/>
    <testCase name="Rendering Drawer should render portal root if Drawer is opened" duration="184"/>
    <testCase name="Rendering Drawer shouldn&apos;t render portal root if Overlay is clicked after portal opened" duration="105"/>
  </file>
  <file path="C:\Users\IT\Documents\Semester 6\PPL\project\sriwijaya-application\__tests__\api\PlaceDetailService.test.tsx">
    <testCase name="getPlaceDetail() getPlaceDetail return correct data" duration="18"/>
  </file>
  <file path="C:\Users\IT\Documents\Semester 6\PPL\project\sriwijaya-application\__tests__\api\ItemDetailService.test.tsx">
    <testCase name="getItemDetail() getItemDetail return correct data" duration="12"/>
  </file>
  <file path="C:\Users\IT\Documents\Semester 6\PPL\project\sriwijaya-application\__tests__\_offline.test.tsx">
    <testCase name="renders offline status" duration="65"/>
  </file>
  <file path="C:\Users\IT\Documents\Semester 6\PPL\project\sriwijaya-application\__tests__\components\placeDetail\goldenStartComponent.tsx">
    <testCase name="Test For GoldStar  renders StarFull" duration="56"/>
    <testCase name="Test For GoldStar  renders StarHalf" duration="23"/>
  </file>
  <file path="C:\Users\IT\Documents\Semester 6\PPL\project\sriwijaya-application\__tests__\components\utils\GoldenStar30.tsx">
    <testCase name="Test For Golden Star  renders StarFull" duration="35"/>
    <testCase name="Test For Golden Star  renders StarHalf" duration="18"/>
    <testCase name="Test For Golden Star  renders StarEmpty" duration="11"/>
  </file>
  <file path="C:\Users\IT\Documents\Semester 6\PPL\project\sriwijaya-application\__tests__\components\GoldenStar30.test.tsx">
    <testCase name="Test For Golden Star  renders StarFull" duration="45"/>
    <testCase name="Test For Golden Star  renders StarHalf" duration="24"/>
    <testCase name="Test For Golden Star  renders StarEmpty" duration="6"/>
  </file>
  <file path="C:\Users\IT\Documents\Semester 6\PPL\project\sriwijaya-application\__tests__\api\CatalogService.test.tsx">
    <testCase name="getCatalog() getCatalog return correct data" duration="18"/>
  </file>
  <file path="C:\Users\IT\Documents\Semester 6\PPL\project\sriwijaya-application\__tests__\components\placeDetail\blackStartComponent.tsx">
    <testCase name="Test For BlackStar  renders StarFull" duration="101"/>
    <testCase name="Test For BlackStar  renders StarHalf" duration="24"/>
  </file>
  <file path="C:\Users\IT\Documents\Semester 6\PPL\project\sriwijaya-application\__tests__\components\BlackStar17.test.tsx">
    <testCase name="Test For BlackStar  renders StarFull" duration="45"/>
    <testCase name="Test For BlackStar  renders StarHalf" duration="14"/>
    <testCase name="Test For BlackStar  renders StarEmpty" duration="11"/>
  </file>
  <file path="C:\Users\IT\Documents\Semester 6\PPL\project\sriwijaya-application\__tests__\api\exampleService.test.tsx">
    <testCase name="getExample() getExample return correct list" duration="5"/>
    <testCase name="postExample() postExample return correct list" duration="1"/>
  </file>
</testExecutions>