<?xml version="1.0" encoding="UTF-8"?>
<testExecutions version="1">
  <file path="C:\Users\Anggito\Documents\Kuliah\sem6\PPL\sriwijaya-application\__tests__\api\listPlacesService.test.tsx">
    <testCase name="getListPlaces() getListPlaces return correct list" duration="6"/>
  </file>
  <file path="C:\Users\Anggito\Documents\Kuliah\sem6\PPL\sriwijaya-application\__tests__\components\utils\StarSVG.tsx">
    <testCase name="Test For Golden Star  renders StarFullGolden" duration="49"/>
    <testCase name="Test For Golden Star  renders StarHalfGolden" duration="13"/>
    <testCase name="Test For Golden Star  renders StarEmptyGolden" duration="9"/>
    <testCase name="Test For Golden Star  renders StarFullBlack" duration="7"/>
    <testCase name="Test For Golden Star  renders StarHalfBlack" duration="18"/>
    <testCase name="Test For Golden Star  renders StarEmptyBlack" duration="12"/>
  </file>
  <file path="C:\Users\Anggito\Documents\Kuliah\sem6\PPL\sriwijaya-application\__tests__\components\utils\StarRating.tsx">
    <testCase name="Test For Star Component  renders StarFull" duration="99"/>
    <testCase name="Test For Star Component  renders StarHalf" duration="31"/>
  </file>
  <file path="C:\Users\Anggito\Documents\Kuliah\sem6\PPL\sriwijaya-application\__tests__\components\Layout.test.tsx">
    <testCase name="Rendering Layout renders children properly" duration="172"/>
    <testCase name="Rendering Offline should render popup when offline" duration="40"/>
    <testCase name="Rendering Navigation renders home to be active when pathname is home" duration="134"/>
    <testCase name="Rendering Navigation renders none to be active when pathname is not in any of the navbar" duration="35"/>
  </file>
  <file path="C:\Users\Anggito\Documents\Kuliah\sem6\PPL\sriwijaya-application\__tests__\example.test.tsx">
    <testCase name="useGetExample() page display data requested" duration="165"/>
    <testCase name="useGetExample() page failed to display data requested" duration="34"/>
    <testCase name="usePostExample() post button request successful" duration="42"/>
    <testCase name="usePostExample() post button request failed" duration="43"/>
    <testCase name="user interface component button link exist" duration="43"/>
  </file>
  <file path="C:\Users\Anggito\Documents\Kuliah\sem6\PPL\sriwijaya-application\__tests__\ListPlacesUI.test.tsx">
    <testCase name="Test UI For List Places  page display data requested" duration="488"/>
    <testCase name="Test UI For List Places  handleScrollRefetch works correctly" duration="2"/>
  </file>
  <file path="C:\Users\Anggito\Documents\Kuliah\sem6\PPL\sriwijaya-application\__tests__\placeDetail.test.tsx">
    <testCase name="useGetPlaceDetail() page display place detail data" duration="386"/>
    <testCase name="useGetPlaceDetail() post button request failed" duration="46"/>
  </file>
  <file path="C:\Users\Anggito\Documents\Kuliah\sem6\PPL\sriwijaya-application\__tests__\_offline.test.tsx">
    <testCase name="renders offline status" duration="54"/>
  </file>
  <file path="C:\Users\Anggito\Documents\Kuliah\sem6\PPL\sriwijaya-application\__tests__\components\Drawer.test.tsx">
    <testCase name="Rendering Drawer shouldn&apos;t render portal root if Drawer is not opened" duration="42"/>
    <testCase name="Rendering Drawer should render portal root if Drawer is opened" duration="93"/>
    <testCase name="Rendering Drawer shouldn&apos;t render portal root if Overlay is clicked after portal opened" duration="45"/>
  </file>
  <file path="C:\Users\Anggito\Documents\Kuliah\sem6\PPL\sriwijaya-application\__tests__\index.test.tsx">
    <testCase name="renders a title" duration="150"/>
  </file>
  <file path="C:\Users\Anggito\Documents\Kuliah\sem6\PPL\sriwijaya-application\__tests__\api\exampleService.test.tsx">
    <testCase name="getExample() getExample return correct list" duration="4"/>
    <testCase name="postExample() postExample return correct list" duration="1"/>
  </file>
  <file path="C:\Users\Anggito\Documents\Kuliah\sem6\PPL\sriwijaya-application\__tests__\api\PlaceDetailService.test.tsx">
    <testCase name="getPlaceDetail() getPlaceDetail return correct data" duration="10"/>
  </file>
</testExecutions>