<?xml version="1.0" encoding="UTF-8"?>
<testExecutions version="1">
  <file path="C:\Users\IT\Documents\Semester 6\PPL\project\sriwijaya-application\__tests__\example.test.tsx">
    <testCase name="useGetExample() page display data requested" duration="248"/>
    <testCase name="useGetExample() page failed to display data requested" duration="40"/>
    <testCase name="usePostExample() post button request successful" duration="59"/>
    <testCase name="usePostExample() post button request failed" duration="52"/>
    <testCase name="user interface component button link exist" duration="21"/>
  </file>
  <file path="C:\Users\IT\Documents\Semester 6\PPL\project\sriwijaya-application\__tests__\catalog.test.tsx">
    <testCase name="Test UI For Catalog  page display data requested" duration="547"/>
  </file>
  <file path="C:\Users\IT\Documents\Semester 6\PPL\project\sriwijaya-application\__tests__\placeDetail.test.tsx">
    <testCase name="useGetPlaceDetail() page display place detail data" duration="470"/>
    <testCase name="useGetPlaceDetail() post button request failed" duration="56"/>
  </file>
  <file path="C:\Users\IT\Documents\Semester 6\PPL\project\sriwijaya-application\__tests__\index.test.tsx">
    <testCase name="renders a title" duration="242"/>
  </file>
  <file path="C:\Users\IT\Documents\Semester 6\PPL\project\sriwijaya-application\__tests__\components\Layout.test.tsx">
    <testCase name="Rendering Layout renders children properly" duration="163"/>
    <testCase name="Rendering Offline should render popup when offline" duration="62"/>
    <testCase name="Rendering Navigation renders home to be active when pathname is home" duration="142"/>
    <testCase name="Rendering Navigation renders none to be active when pathname is not in any of the navbar" duration="59"/>
  </file>
  <file path="C:\Users\IT\Documents\Semester 6\PPL\project\sriwijaya-application\__tests__\ListPlacesUI.test.tsx">
    <testCase name="Test UI For List Places  page display data requested" duration="591"/>
  </file>
  <file path="C:\Users\IT\Documents\Semester 6\PPL\project\sriwijaya-application\__tests__\components\Drawer.test.tsx">
    <testCase name="Rendering Drawer shouldn&apos;t render portal root if Drawer is not opened" duration="72"/>
    <testCase name="Rendering Drawer should render portal root if Drawer is opened" duration="211"/>
    <testCase name="Rendering Drawer shouldn&apos;t render portal root if Overlay is clicked after portal opened" duration="143"/>
  </file>
  <file path="C:\Users\IT\Documents\Semester 6\PPL\project\sriwijaya-application\__tests__\components\placeDetail\goldenStartComponent.tsx">
    <testCase name="Test For GoldStar  renders StarFull" duration="66"/>
    <testCase name="Test For GoldStar  renders StarHalf" duration="15"/>
  </file>
  <file path="C:\Users\IT\Documents\Semester 6\PPL\project\sriwijaya-application\__tests__\components\placeDetail\blackStartComponent.tsx">
    <testCase name="Test For BlackStar  renders StarFull" duration="71"/>
    <testCase name="Test For BlackStar  renders StarHalf" duration="33"/>
  </file>
  <file path="C:\Users\IT\Documents\Semester 6\PPL\project\sriwijaya-application\__tests__\api\exampleService.test.tsx">
    <testCase name="getExample() getExample return correct list" duration="9"/>
    <testCase name="postExample() postExample return correct list" duration="2"/>
  </file>
  <file path="C:\Users\IT\Documents\Semester 6\PPL\project\sriwijaya-application\__tests__\components\utils\BlackStar14.tsx">
    <testCase name="Test For BlackStar  renders StarFull" duration="38"/>
    <testCase name="Test For BlackStar  renders StarHalf" duration="13"/>
    <testCase name="Test For BlackStar  renders StarEmpty" duration="7"/>
  </file>
  <file path="C:\Users\IT\Documents\Semester 6\PPL\project\sriwijaya-application\__tests__\itemDetail.test.tsx">
    <testCase name="Test UI For Catalog  page display data requested" duration="279"/>
  </file>
  <file path="C:\Users\IT\Documents\Semester 6\PPL\project\sriwijaya-application\__tests__\components\BlackStar17.test.tsx">
    <testCase name="Test For BlackStar  renders StarFull" duration="55"/>
    <testCase name="Test For BlackStar  renders StarHalf" duration="12"/>
    <testCase name="Test For BlackStar  renders StarEmpty" duration="9"/>
  </file>
  <file path="C:\Users\IT\Documents\Semester 6\PPL\project\sriwijaya-application\__tests__\components\GoldenStar30.test.tsx">
    <testCase name="Test For Golden Star  renders StarFull" duration="47"/>
    <testCase name="Test For Golden Star  renders StarHalf" duration="16"/>
    <testCase name="Test For Golden Star  renders StarEmpty" duration="10"/>
  </file>
  <file path="C:\Users\IT\Documents\Semester 6\PPL\project\sriwijaya-application\__tests__\_offline.test.tsx">
    <testCase name="renders offline status" duration="55"/>
  </file>
  <file path="C:\Users\IT\Documents\Semester 6\PPL\project\sriwijaya-application\__tests__\components\utils\GoldenStar30.tsx">
    <testCase name="Test For Golden Star  renders StarFull" duration="42"/>
    <testCase name="Test For Golden Star  renders StarHalf" duration="10"/>
    <testCase name="Test For Golden Star  renders StarEmpty" duration="6"/>
  </file>
  <file path="C:\Users\IT\Documents\Semester 6\PPL\project\sriwijaya-application\__tests__\api\PlaceDetailService.test.tsx">
    <testCase name="getPlaceDetail() getPlaceDetail return correct data" duration="10"/>
  </file>
</testExecutions>