<?xml version="1.0" encoding="UTF-8"?>
<testExecutions version="1">
  <file path="C:\Users\Anggito\Documents\Kuliah\sem6\PPL\sriwijaya-application\__tests__\example.test.tsx">
    <testCase name="useGetExample() page display data requested" duration="170"/>
    <testCase name="useGetExample() page failed to display data requested" duration="32"/>
    <testCase name="usePostExample() post button request successful" duration="28"/>
    <testCase name="usePostExample() post button request failed" duration="25"/>
    <testCase name="user interface component button link exist" duration="13"/>
  </file>
  <file path="C:\Users\Anggito\Documents\Kuliah\sem6\PPL\sriwijaya-application\__tests__\landingPage.test.tsx">
    <testCase name="renders login button" duration="139"/>
    <testCase name="renders register button" duration="37"/>
  </file>
  <file path="C:\Users\Anggito\Documents\Kuliah\sem6\PPL\sriwijaya-application\__tests__\components\AuthForm\AuthFormRequest.test.tsx">
    <testCase name="useCheckPhoneNumber() check phone number request successful" duration="216"/>
    <testCase name="useRegisterCustomer() register customer request successful" duration="115"/>
  </file>
  <file path="C:\Users\Anggito\Documents\Kuliah\sem6\PPL\sriwijaya-application\__tests__\placeDetail.test.tsx">
    <testCase name="useGetPlaceDetail() page display place detail data" duration="302"/>
    <testCase name="useGetPlaceDetail() post button request failed" duration="49"/>
  </file>
  <file path="C:\Users\Anggito\Documents\Kuliah\sem6\PPL\sriwijaya-application\__tests__\ListPlacesUI.test.tsx">
    <testCase name="Test UI For List Places  page display data requested" duration="403"/>
    <testCase name="Test UI For List Places  handleScrollRefetch works correctly" duration="2"/>
  </file>
  <file path="C:\Users\Anggito\Documents\Kuliah\sem6\PPL\sriwijaya-application\__tests__\components\AuthForm\AuthFormUI.test.tsx">
    <testCase name="InputPhone phone input field updates correctly" duration="155"/>
    <testCase name="InputPhone error message displayed when invalid" duration="118"/>
    <testCase name="InputOTP otp input field updates correctly" duration="87"/>
    <testCase name="InputOTP combineArrayToString works correctly" duration="3"/>
    <testCase name="InputOTP error message displayed when invalid" duration="52"/>
    <testCase name="InputName name input field updates correctly" duration="56"/>
    <testCase name="InputName error message displayed when invalid" duration="65"/>
    <testCase name="InputName error too long message displayed when invalid" duration="47"/>
  </file>
  <file path="C:\Users\Anggito\Documents\Kuliah\sem6\PPL\sriwijaya-application\__tests__\components\utils\StarRating.tsx">
    <testCase name="Test For Star Component  renders StarFull" duration="55"/>
    <testCase name="Test For Star Component  renders StarHalf" duration="18"/>
  </file>
  <file path="C:\Users\Anggito\Documents\Kuliah\sem6\PPL\sriwijaya-application\__tests__\components\utils\StarSVG.tsx">
    <testCase name="Test For Golden Star  renders StarFullGolden" duration="32"/>
    <testCase name="Test For Golden Star  renders StarHalfGolden" duration="17"/>
    <testCase name="Test For Golden Star  renders StarEmptyGolden" duration="9"/>
    <testCase name="Test For Golden Star  renders StarFullBlack" duration="6"/>
    <testCase name="Test For Golden Star  renders StarHalfBlack" duration="8"/>
    <testCase name="Test For Golden Star  renders StarEmptyBlack" duration="22"/>
  </file>
  <file path="C:\Users\Anggito\Documents\Kuliah\sem6\PPL\sriwijaya-application\__tests__\api\exampleService.test.tsx">
    <testCase name="getExample() getExample return correct list" duration="7"/>
    <testCase name="postExample() postExample return correct list" duration="1"/>
  </file>
  <file path="C:\Users\Anggito\Documents\Kuliah\sem6\PPL\sriwijaya-application\__tests__\api\registrationService.test.tsx">
    <testCase name="checkPhoneNumber checkPhoneNumber return success" duration="20"/>
    <testCase name="verifyOTP verifyOTP return success" duration="1"/>
    <testCase name="registerCustomer registerCustomer return success" duration="2"/>
  </file>
  <file path="C:\Users\Anggito\Documents\Kuliah\sem6\PPL\sriwijaya-application\__tests__\components\Drawer.test.tsx">
    <testCase name="Rendering Drawer shouldn&apos;t render portal root if Drawer is not opened" duration="41"/>
    <testCase name="Rendering Drawer should render portal root if Drawer is opened" duration="114"/>
    <testCase name="Rendering Drawer shouldn&apos;t render portal root if Overlay is clicked after portal opened" duration="82"/>
  </file>
  <file path="C:\Users\Anggito\Documents\Kuliah\sem6\PPL\sriwijaya-application\__tests__\components\Layout.test.tsx">
    <testCase name="Rendering Layout renders children properly" duration="120"/>
    <testCase name="Rendering Offline should render popup when offline" duration="32"/>
    <testCase name="Rendering Navigation renders home to be active when pathname is home" duration="89"/>
    <testCase name="Rendering Navigation renders none to be active when pathname is not in any of the navbar" duration="37"/>
  </file>
  <file path="C:\Users\Anggito\Documents\Kuliah\sem6\PPL\sriwijaya-application\__tests__\_offline.test.tsx">
    <testCase name="renders offline status" duration="30"/>
  </file>
  <file path="C:\Users\Anggito\Documents\Kuliah\sem6\PPL\sriwijaya-application\__tests__\api\PlaceDetailService.test.tsx">
    <testCase name="getPlaceDetail() getPlaceDetail return correct data" duration="5"/>
  </file>
  <file path="C:\Users\Anggito\Documents\Kuliah\sem6\PPL\sriwijaya-application\__tests__\api\listPlacesService.test.tsx">
    <testCase name="getListPlaces() getListPlaces return correct list" duration="3"/>
  </file>
  <file path="C:\Users\Anggito\Documents\Kuliah\sem6\PPL\sriwijaya-application\__tests__\index.test.tsx">
    <testCase name="renders a title" duration="64"/>
  </file>
  <file path="C:\Users\Anggito\Documents\Kuliah\sem6\PPL\sriwijaya-application\__tests__\authSuccess.test.tsx">
    <testCase name="renders correct status and redirects after some time" duration="5075"/>
  </file>
</testExecutions>