<?xml version="1.0" encoding="UTF-8"?>
<testExecutions version="1">
  <file path="C:\Users\IT\Documents\Semester 6\PPL\project\sriwijaya-application\__tests__\api\CatalogService.test.tsx">
    <testCase name="getCatalog() getCatalog return correct data" duration="50"/>
  </file>
  <file path="C:\Users\IT\Documents\Semester 6\PPL\project\sriwijaya-application\__tests__\catalog.test.tsx">
    <testCase name="useGetCatalog() page display catalog data" duration="322"/>
  </file>
  <file path="C:\Users\IT\Documents\Semester 6\PPL\project\sriwijaya-application\__tests__\authSuccess.test.tsx">
    <testCase name="renders correct status and redirects after some time" duration="5221"/>
  </file>
  <file path="C:\Users\IT\Documents\Semester 6\PPL\project\sriwijaya-application\__tests__\placeDetail.test.tsx">
    <testCase name="useGetPlaceDetail() page display place detail data" duration="593"/>
    <testCase name="useGetPlaceDetail() post button request failed" duration="86"/>
  </file>
  <file path="C:\Users\IT\Documents\Semester 6\PPL\project\sriwijaya-application\__tests__\itemDetail.test.tsx">
    <testCase name="useGetItemDetail() page display catalog data" duration="455"/>
  </file>
  <file path="C:\Users\IT\Documents\Semester 6\PPL\project\sriwijaya-application\__tests__\components\Layout.test.tsx">
    <testCase name="Rendering Layout renders children properly" duration="255"/>
    <testCase name="Rendering Offline should render popup when offline" duration="64"/>
    <testCase name="Rendering Navigation renders home to be active when pathname is home" duration="217"/>
    <testCase name="Rendering Navigation renders none to be active when pathname is not in any of the navbar" duration="107"/>
  </file>
  <file path="C:\Users\IT\Documents\Semester 6\PPL\project\sriwijaya-application\__tests__\example.test.tsx">
    <testCase name="useGetExample() page display data requested" duration="385"/>
    <testCase name="useGetExample() page failed to display data requested" duration="66"/>
    <testCase name="usePostExample() post button request successful" duration="104"/>
    <testCase name="usePostExample() post button request failed" duration="66"/>
    <testCase name="user interface component button link exist" duration="44"/>
  </file>
  <file path="C:\Users\IT\Documents\Semester 6\PPL\project\sriwijaya-application\__tests__\ListPlacesUI.test.tsx">
    <testCase name="Test UI For List Places  page display data requested" duration="774"/>
    <testCase name="Test UI For List Places  handleScrollRefetch works correctly" duration="1"/>
  </file>
  <file path="C:\Users\IT\Documents\Semester 6\PPL\project\sriwijaya-application\__tests__\components\Drawer.test.tsx">
    <testCase name="Rendering Drawer shouldn&apos;t render portal root if Drawer is not opened" duration="71"/>
    <testCase name="Rendering Drawer should render portal root if Drawer is opened" duration="247"/>
    <testCase name="Rendering Drawer shouldn&apos;t render portal root if Overlay is clicked after portal opened" duration="173"/>
  </file>
  <file path="C:\Users\IT\Documents\Semester 6\PPL\project\sriwijaya-application\__tests__\index.test.tsx">
    <testCase name="renders a title" duration="395"/>
  </file>
  <file path="C:\Users\IT\Documents\Semester 6\PPL\project\sriwijaya-application\__tests__\components\catalog\cardCatalog.test.tsx">
    <testCase name="Test UI For Card Catalog  page display data requested" duration="235"/>
  </file>
  <file path="C:\Users\IT\Documents\Semester 6\PPL\project\sriwijaya-application\__tests__\api\registrationService.test.tsx">
    <testCase name="checkPhoneNumber checkPhoneNumber return success" duration="11"/>
    <testCase name="verifyOTP verifyOTP return success" duration="4"/>
    <testCase name="registerCustomer registerCustomer return success" duration="4"/>
  </file>
  <file path="C:\Users\IT\Documents\Semester 6\PPL\project\sriwijaya-application\__tests__\api\PlaceDetailService.test.tsx">
    <testCase name="getPlaceDetail() getPlaceDetail return correct data" duration="14"/>
  </file>
  <file path="C:\Users\IT\Documents\Semester 6\PPL\project\sriwijaya-application\__tests__\components\utils\StarSVG.tsx">
    <testCase name="Test For Golden Star  renders StarFullGolden" duration="65"/>
    <testCase name="Test For Golden Star  renders StarHalfGolden" duration="19"/>
    <testCase name="Test For Golden Star  renders StarEmptyGolden" duration="11"/>
    <testCase name="Test For Golden Star  renders StarFullBlack" duration="12"/>
    <testCase name="Test For Golden Star  renders StarHalfBlack" duration="15"/>
    <testCase name="Test For Golden Star  renders StarEmptyBlack" duration="9"/>
  </file>
  <file path="C:\Users\IT\Documents\Semester 6\PPL\project\sriwijaya-application\__tests__\api\listPlacesService.test.tsx">
    <testCase name="getListPlaces() getListPlaces return correct list" duration="12"/>
  </file>
  <file path="C:\Users\IT\Documents\Semester 6\PPL\project\sriwijaya-application\__tests__\api\ItemDetailService.test.tsx">
    <testCase name="getItemDetail() getItemDetail return correct data" duration="23"/>
  </file>
  <file path="C:\Users\IT\Documents\Semester 6\PPL\project\sriwijaya-application\__tests__\components\utils\StarRating.tsx">
    <testCase name="Test For Star Component  renders StarFull" duration="128"/>
    <testCase name="Test For Star Component  renders StarHalf" duration="33"/>
  </file>
  <file path="C:\Users\IT\Documents\Semester 6\PPL\project\sriwijaya-application\__tests__\api\exampleService.test.tsx">
    <testCase name="getExample() getExample return correct list" duration="11"/>
    <testCase name="postExample() postExample return correct list" duration="3"/>
  </file>
  <file path="C:\Users\IT\Documents\Semester 6\PPL\project\sriwijaya-application\__tests__\_offline.test.tsx">
    <testCase name="renders offline status" duration="84"/>
  </file>
  <file path="C:\Users\IT\Documents\Semester 6\PPL\project\sriwijaya-application\__tests__\components\AuthForm\AuthFormRequest.test.tsx">
    <testCase name="useCheckPhoneNumber() check phone number request successful" duration="2057"/>
    <testCase name="useRegisterCustomer() register customer request successful" duration="484"/>
  </file>
  <file path="C:\Users\IT\Documents\Semester 6\PPL\project\sriwijaya-application\__tests__\components\AuthForm\AuthFormUI.test.tsx">
    <testCase name="InputPhone phone input field updates correctly" duration="2143"/>
    <testCase name="InputPhone error message displayed when invalid" duration="1854"/>
    <testCase name="InputOTP otp input field updates correctly" duration="767"/>
    <testCase name="InputOTP combineArrayToString works correctly" duration="10"/>
    <testCase name="InputOTP error message displayed when invalid" duration="430"/>
    <testCase name="InputName name input field updates correctly" duration="341"/>
    <testCase name="InputName error message displayed when invalid" duration="1522"/>
    <testCase name="InputName error too long message displayed when invalid" duration="919"/>
  </file>
  <file path="C:\Users\IT\Documents\Semester 6\PPL\project\sriwijaya-application\__tests__\landingPage.test.tsx">
    <testCase name="renders login button" duration="656"/>
    <testCase name="renders register button" duration="170"/>
  </file>
</testExecutions>