<?xml version="1.0" encoding="UTF-8"?>
<testExecutions version="1">
  <file path="C:\Users\Anggito\Documents\Kuliah\sem6\PPL\sriwijaya-application\__tests__\api\listPlacesService.test.tsx">
    <testCase name="getListPlaces() getListPlaces return correct list" duration="5"/>
  </file>
  <file path="C:\Users\Anggito\Documents\Kuliah\sem6\PPL\sriwijaya-application\__tests__\api\exampleService.test.tsx">
    <testCase name="getExample() getExample return correct list" duration="7"/>
    <testCase name="postExample() postExample return correct list" duration="2"/>
  </file>
  <file path="C:\Users\Anggito\Documents\Kuliah\sem6\PPL\sriwijaya-application\__tests__\components\Drawer.test.tsx">
    <testCase name="Rendering Drawer shouldn&apos;t render portal root if Drawer is not opened" duration="41"/>
    <testCase name="Rendering Drawer should render portal root if Drawer is opened" duration="118"/>
    <testCase name="Rendering Drawer shouldn&apos;t render portal root if Overlay is clicked after portal opened" duration="73"/>
  </file>
  <file path="C:\Users\Anggito\Documents\Kuliah\sem6\PPL\sriwijaya-application\__tests__\components\Layout.test.tsx">
    <testCase name="Rendering Layout renders children properly" duration="173"/>
    <testCase name="Rendering Offline should render popup when offline" duration="44"/>
    <testCase name="Rendering Navigation renders home to be active when pathname is home" duration="90"/>
    <testCase name="Rendering Navigation renders none to be active when pathname is not in any of the navbar" duration="36"/>
  </file>
  <file path="C:\Users\Anggito\Documents\Kuliah\sem6\PPL\sriwijaya-application\__tests__\example.test.tsx">
    <testCase name="useGetExample() page display data requested" duration="152"/>
    <testCase name="useGetExample() page failed to display data requested" duration="27"/>
    <testCase name="usePostExample() post button request successful" duration="43"/>
    <testCase name="usePostExample() post button request failed" duration="29"/>
    <testCase name="user interface component button link exist" duration="17"/>
  </file>
  <file path="C:\Users\Anggito\Documents\Kuliah\sem6\PPL\sriwijaya-application\__tests__\placeDetail.test.tsx">
    <testCase name="useGetPlaceDetail() page display place detail data" duration="281"/>
    <testCase name="useGetPlaceDetail() post button request failed" duration="34"/>
  </file>
  <file path="C:\Users\Anggito\Documents\Kuliah\sem6\PPL\sriwijaya-application\__tests__\components\utils\GoldenStar30.tsx">
    <testCase name="Test For Golden Star  renders StarFull" duration="52"/>
    <testCase name="Test For Golden Star  renders StarHalf" duration="13"/>
    <testCase name="Test For Golden Star  renders StarEmpty" duration="7"/>
  </file>
  <file path="C:\Users\Anggito\Documents\Kuliah\sem6\PPL\sriwijaya-application\__tests__\components\placeDetail\goldenStartComponent.tsx">
    <testCase name="Test For GoldStar  renders StarFull" duration="49"/>
    <testCase name="Test For GoldStar  renders StarHalf" duration="23"/>
  </file>
  <file path="C:\Users\Anggito\Documents\Kuliah\sem6\PPL\sriwijaya-application\__tests__\components\placeDetail\blackStartComponent.tsx">
    <testCase name="Test For BlackStar  renders StarFull" duration="51"/>
    <testCase name="Test For BlackStar  renders StarHalf" duration="11"/>
  </file>
  <file path="C:\Users\Anggito\Documents\Kuliah\sem6\PPL\sriwijaya-application\__tests__\index.test.tsx">
    <testCase name="renders a title" duration="168"/>
  </file>
  <file path="C:\Users\Anggito\Documents\Kuliah\sem6\PPL\sriwijaya-application\__tests__\_offline.test.tsx">
    <testCase name="renders offline status" duration="35"/>
  </file>
  <file path="C:\Users\Anggito\Documents\Kuliah\sem6\PPL\sriwijaya-application\__tests__\components\utils\BlackStar14.tsx">
    <testCase name="Test For BlackStar  renders StarFull" duration="27"/>
    <testCase name="Test For BlackStar  renders StarHalf" duration="8"/>
    <testCase name="Test For BlackStar  renders StarEmpty" duration="5"/>
  </file>
  <file path="C:\Users\Anggito\Documents\Kuliah\sem6\PPL\sriwijaya-application\__tests__\api\PlaceDetailService.test.tsx">
    <testCase name="getPlaceDetail() getPlaceDetail return correct data" duration="4"/>
  </file>
  <file path="C:\Users\Anggito\Documents\Kuliah\sem6\PPL\sriwijaya-application\__tests__\components\GoldenStar30.test.tsx">
    <testCase name="Test For Golden Star  renders StarFull" duration="21"/>
    <testCase name="Test For Golden Star  renders StarHalf" duration="7"/>
    <testCase name="Test For Golden Star  renders StarEmpty" duration="5"/>
  </file>
  <file path="C:\Users\Anggito\Documents\Kuliah\sem6\PPL\sriwijaya-application\__tests__\components\BlackStar17.test.tsx">
    <testCase name="Test For BlackStar  renders StarFull" duration="25"/>
    <testCase name="Test For BlackStar  renders StarHalf" duration="4"/>
    <testCase name="Test For BlackStar  renders StarEmpty" duration="2"/>
  </file>
  <file path="C:\Users\Anggito\Documents\Kuliah\sem6\PPL\sriwijaya-application\__tests__\ListPlacesUI.test.tsx">
    <testCase name="Test UI For List Places  page display data requested" duration="219"/>
    <testCase name="Test UI For List Places  handleScrollRefetch works correctly" duration="1"/>
  </file>
</testExecutions>